  test.cpp
test.obj : error LNK2019: unresolved external symbol "bool __cdecl winstateCheck(void)" (?winstateCheck@@YA_NXZ) referenced in function "private: virtual void __cdecl test_test_Test::TestBody(void)" (?TestBody@test_test_Test@@EEAAXXZ)
C:\Users\brian\Desktop\Paired TDD\x64\Debug\Tic-Tac-Toe Tests.exe : fatal error LNK1120: 1 unresolved externals
